<?xml version="1.0" encoding="UTF-8"?>
<coverage generated="1676921951240" clover="3.2.0">
  <project timestamp="1676921951240" name="All files">
    <metrics statements="19" coveredstatements="19" conditionals="8" coveredconditionals="7" methods="7" coveredmethods="7" elements="34" coveredelements="33" complexity="0" loc="19" ncloc="19" packages="1" files="2" classes="2"/>
    <file name="bankAccount.js" path="/Users/thuyly-chambers/Projects/bank-tech-test/bankAccount.js">
      <metrics statements="14" coveredstatements="14" conditionals="8" coveredconditionals="7" methods="4" coveredmethods="4"/>
      <line num="3" count="10" type="stmt"/>
      <line num="4" count="10" type="stmt"/>
      <line num="8" count="18" type="cond" truecount="2" falsecount="0"/>
      <line num="9" count="1" type="stmt"/>
      <line num="12" count="17" type="cond" truecount="2" falsecount="0"/>
      <line num="13" count="12" type="stmt"/>
      <line num="14" count="5" type="cond" truecount="1" falsecount="1"/>
      <line num="15" count="5" type="cond" truecount="2" falsecount="0"/>
      <line num="16" count="1" type="stmt"/>
      <line num="18" count="4" type="stmt"/>
      <line num="21" count="16" type="stmt"/>
      <line num="30" count="4" type="stmt"/>
      <line num="34" count="4" type="stmt"/>
      <line num="38" count="2" type="stmt"/>
    </file>
    <file name="statement.js" path="/Users/thuyly-chambers/Projects/bank-tech-test/statement.js">
      <metrics statements="5" coveredstatements="5" conditionals="0" coveredconditionals="0" methods="3" coveredmethods="3"/>
      <line num="3" count="1" type="stmt"/>
      <line num="7" count="1" type="stmt"/>
      <line num="10" count="2" type="stmt"/>
      <line num="13" count="1" type="stmt"/>
      <line num="17" count="1" type="stmt"/>
    </file>
  </project>
</coverage>
