{"/Users/thuyly-chambers/Projects/bank-tech-test/bankAccount.js": {"path":"/Users/thuyly-chambers/Projects/bank-tech-test/bankAccount.js","statementMap":{"0":{"start":{"line":3,"column":4},"end":{"line":3,"column":21}},"1":{"start":{"line":4,"column":4},"end":{"line":4,"column":29}},"2":{"start":{"line":8,"column":4},"end":{"line":10,"column":5}},"3":{"start":{"line":9,"column":6},"end":{"line":9,"column":63}},"4":{"start":{"line":12,"column":4},"end":{"line":19,"column":5}},"5":{"start":{"line":13,"column":6},"end":{"line":13,"column":29}},"6":{"start":{"line":14,"column":11},"end":{"line":19,"column":5}},"7":{"start":{"line":15,"column":6},"end":{"line":17,"column":7}},"8":{"start":{"line":16,"column":8},"end":{"line":16,"column":57}},"9":{"start":{"line":18,"column":6},"end":{"line":18,"column":29}},"10":{"start":{"line":21,"column":4},"end":{"line":26,"column":7}},"11":{"start":{"line":30,"column":4},"end":{"line":30,"column":41}},"12":{"start":{"line":34,"column":4},"end":{"line":34,"column":24}},"13":{"start":{"line":38,"column":0},"end":{"line":38,"column":29}}},"fnMap":{"0":{"name":"(anonymous_0)","decl":{"start":{"line":2,"column":2},"end":{"line":2,"column":3}},"loc":{"start":{"line":2,"column":16},"end":{"line":5,"column":3}},"line":2},"1":{"name":"(anonymous_1)","decl":{"start":{"line":7,"column":2},"end":{"line":7,"column":3}},"loc":{"start":{"line":7,"column":30},"end":{"line":27,"column":3}},"line":7},"2":{"name":"(anonymous_2)","decl":{"start":{"line":29,"column":2},"end":{"line":29,"column":3}},"loc":{"start":{"line":29,"column":20},"end":{"line":31,"column":3}},"line":29},"3":{"name":"(anonymous_3)","decl":{"start":{"line":33,"column":2},"end":{"line":33,"column":3}},"loc":{"start":{"line":33,"column":19},"end":{"line":35,"column":3}},"line":33}},"branchMap":{"0":{"loc":{"start":{"line":8,"column":4},"end":{"line":10,"column":5}},"type":"if","locations":[{"start":{"line":8,"column":4},"end":{"line":10,"column":5}},{"start":{},"end":{}}],"line":8},"1":{"loc":{"start":{"line":12,"column":4},"end":{"line":19,"column":5}},"type":"if","locations":[{"start":{"line":12,"column":4},"end":{"line":19,"column":5}},{"start":{"line":14,"column":11},"end":{"line":19,"column":5}}],"line":12},"2":{"loc":{"start":{"line":14,"column":11},"end":{"line":19,"column":5}},"type":"if","locations":[{"start":{"line":14,"column":11},"end":{"line":19,"column":5}},{"start":{},"end":{}}],"line":14},"3":{"loc":{"start":{"line":15,"column":6},"end":{"line":17,"column":7}},"type":"if","locations":[{"start":{"line":15,"column":6},"end":{"line":17,"column":7}},{"start":{},"end":{}}],"line":15}},"s":{"0":10,"1":10,"2":18,"3":1,"4":17,"5":12,"6":5,"7":5,"8":1,"9":4,"10":16,"11":4,"12":4,"13":2},"f":{"0":10,"1":18,"2":4,"3":4},"b":{"0":[1,17],"1":[12,5],"2":[5,0],"3":[1,4]},"_coverageSchema":"1a1c01bbd47fc00a2c39e90264f33305004495a9","hash":"353c24a01cb6229280d3f1cce2e4e4608180a70a"}
,"/Users/thuyly-chambers/Projects/bank-tech-test/statement.js": {"path":"/Users/thuyly-chambers/Projects/bank-tech-test/statement.js","statementMap":{"0":{"start":{"line":3,"column":4},"end":{"line":3,"column":35}},"1":{"start":{"line":7,"column":31},"end":{"line":11,"column":8}},"2":{"start":{"line":10,"column":8},"end":{"line":10,"column":51}},"3":{"start":{"line":13,"column":4},"end":{"line":13,"column":38}},"4":{"start":{"line":17,"column":0},"end":{"line":17,"column":27}}},"fnMap":{"0":{"name":"(anonymous_0)","decl":{"start":{"line":2,"column":2},"end":{"line":2,"column":3}},"loc":{"start":{"line":2,"column":27},"end":{"line":4,"column":3}},"line":2},"1":{"name":"(anonymous_1)","decl":{"start":{"line":6,"column":2},"end":{"line":6,"column":3}},"loc":{"start":{"line":6,"column":21},"end":{"line":14,"column":3}},"line":6},"2":{"name":"(anonymous_2)","decl":{"start":{"line":9,"column":12},"end":{"line":9,"column":13}},"loc":{"start":{"line":9,"column":22},"end":{"line":11,"column":7}},"line":9}},"branchMap":{},"s":{"0":1,"1":1,"2":2,"3":1,"4":1},"f":{"0":1,"1":1,"2":2},"b":{},"_coverageSchema":"1a1c01bbd47fc00a2c39e90264f33305004495a9","hash":"2797c9a76532524244ace19c4628deecf15c25e1"}
}
