TN:
SF:bankAccount.js
FN:2,(anonymous_0)
FN:7,(anonymous_1)
FN:29,(anonymous_2)
FN:33,(anonymous_3)
FNF:4
FNH:4
FNDA:10,(anonymous_0)
FNDA:18,(anonymous_1)
FNDA:4,(anonymous_2)
FNDA:4,(anonymous_3)
DA:3,10
DA:4,10
DA:8,18
DA:9,1
DA:12,17
DA:13,12
DA:14,5
DA:15,5
DA:16,1
DA:18,4
DA:21,16
DA:30,4
DA:34,4
DA:38,2
LF:14
LH:14
BRDA:8,0,0,1
BRDA:8,0,1,17
BRDA:12,1,0,12
BRDA:12,1,1,5
BRDA:14,2,0,5
BRDA:14,2,1,0
BRDA:15,3,0,1
BRDA:15,3,1,4
BRF:8
BRH:7
end_of_record
TN:
SF:statement.js
FN:2,(anonymous_0)
FN:6,(anonymous_1)
FN:9,(anonymous_2)
FNF:3
FNH:3
FNDA:1,(anonymous_0)
FNDA:1,(anonymous_1)
FNDA:2,(anonymous_2)
DA:3,1
DA:7,1
DA:10,2
DA:13,1
DA:17,1
LF:5
LH:5
BRF:0
BRH:0
end_of_record
